# JRE version: Java(TM) SE Runtime Environment (23.0.2+7) (build 23.0.2+7-58)
# Java VM: Java HotSpot(TM) 64-Bit Server VM (23.0.2+7-58, mixed mode, sharing, tiered, compressed oops, compressed class ptrs, g1 gc, windows-amd64)
GC Precious Log:
 CardTable entry size: 512
 Card Set container configuration: InlinePtr #cards 4 size 8 Array Of Cards #cards 32 size 80 Howl #buckets 8 coarsen threshold 7372 Howl Bitmap #cards 1024 size 144 coarsen threshold 921 Card regions per heap region 1 cards per card region 8192
 CPUs: 16 total, 16 available
 Memory: 32050M
 Large Page Support: Disabled
 NUMA Support: Disabled
 Compressed Oops: Enabled (Zero based)
 Heap Region Size: 4M
 Heap Min Capacity: 8M
 Heap Initial Capacity: 504M
 Heap Max Capacity: 8016M
 Pre-touch: Disabled
 Parallel Workers: 13
 Concurrent Workers: 3
 Concurrent Refinement Workers: 13
 Periodic GC: Disabled
Heap:
 garbage-first heap   total reserved 8208384K, committed 73728K, used 22741K [0x000000060b000000, 0x0000000800000000)
  region size 4096K, 2 young (8192K), 1 survivors (4096K)
 Metaspace       used 22297K, committed 22592K, reserved 1114112K
  class space    used 2450K, committed 2560K, reserved 1048576K
GC Heap History (10 events):
Event: 0.579 GC heap before
{Heap before GC invocations=0 (full 0):
 garbage-first heap   total reserved 8208384K, committed 516096K, used 24576K [0x000000060b000000, 0x0000000800000000)
  region size 4096K, 6 young (24576K), 0 survivors (0K)
 Metaspace       used 8585K, committed 8832K, reserved 1114112K
  class space    used 843K, committed 960K, reserved 1048576K
}
Event: 0.582 GC heap after
{Heap after GC invocations=1 (full 0):
 garbage-first heap   total reserved 8208384K, committed 516096K, used 3792K [0x000000060b000000, 0x0000000800000000)
  region size 4096K, 1 young (4096K), 1 survivors (4096K)
 Metaspace       used 8585K, committed 8832K, reserved 1114112K
  class space    used 843K, committed 960K, reserved 1048576K
}
Event: 1.008 GC heap before
{Heap before GC invocations=1 (full 0):
 garbage-first heap   total reserved 8208384K, committed 516096K, used 20176K [0x000000060b000000, 0x0000000800000000)
  region size 4096K, 6 young (24576K), 1 survivors (4096K)
 Metaspace       used 18658K, committed 18944K, reserved 1114112K
  class space    used 2074K, committed 2240K, reserved 1048576K
}
Event: 1.012 GC heap after
{Heap after GC invocations=2 (full 0):
 garbage-first heap   total reserved 8208384K, committed 516096K, used 11008K [0x000000060b000000, 0x0000000800000000)
  region size 4096K, 1 young (4096K), 1 survivors (4096K)
 Metaspace       used 18658K, committed 18944K, reserved 1114112K
  class space    used 2074K, committed 2240K, reserved 1048576K
}
Event: 3.875 GC heap before
{Heap before GC invocations=2 (full 0):
 garbage-first heap   total reserved 8208384K, committed 516096K, used 15104K [0x000000060b000000, 0x0000000800000000)
  region size 4096K, 3 young (12288K), 1 survivors (4096K)
 Metaspace       used 21272K, committed 21504K, reserved 1114112K
  class space    used 2364K, committed 2496K, reserved 1048576K
}
Event: 3.877 GC heap after
{Heap after GC invocations=3 (full 0):
 garbage-first heap   total reserved 8208384K, committed 516096K, used 11617K [0x000000060b000000, 0x0000000800000000)
  region size 4096K, 2 young (8192K), 2 survivors (8192K)
 Metaspace       used 21272K, committed 21504K, reserved 1114112K
  class space    used 2364K, committed 2496K, reserved 1048576K
}
Event: 8.427 GC heap before
{Heap before GC invocations=4 (full 0):
 garbage-first heap   total reserved 8208384K, committed 57344K, used 52577K [0x000000060b000000, 0x0000000800000000)
  region size 4096K, 10 young (40960K), 2 survivors (8192K)
 Metaspace       used 22282K, committed 22528K, reserved 1114112K
  class space    used 2449K, committed 2560K, reserved 1048576K
}
Event: 8.432 GC heap after
{Heap after GC invocations=5 (full 0):
 garbage-first heap   total reserved 8208384K, committed 73728K, used 27859K [0x000000060b000000, 0x0000000800000000)
  region size 4096K, 4 young (16384K), 4 survivors (16384K)
 Metaspace       used 22282K, committed 22528K, reserved 1114112K
  class space    used 2449K, committed 2560K, reserved 1048576K
}
Event: 8.449 GC heap before
{Heap before GC invocations=5 (full 0):
 garbage-first heap   total reserved 8208384K, committed 73728K, used 48339K [0x000000060b000000, 0x0000000800000000)
  region size 4096K, 9 young (36864K), 4 survivors (16384K)
 Metaspace       used 22285K, committed 22528K, reserved 1114112K
  class space    used 2449K, committed 2560K, reserved 1048576K
}
Event: 8.454 GC heap after
{Heap after GC invocations=6 (full 0):
 garbage-first heap   total reserved 8208384K, committed 73728K, used 22741K [0x000000060b000000, 0x0000000800000000)
  region size 4096K, 1 young (4096K), 1 survivors (4096K)
 Metaspace       used 22285K, committed 22528K, reserved 1114112K
  class space    used 2449K, committed 2560K, reserved 1048576K
}

